-------------------------------------------------------------------------------
Test set: com.nowcoder.community.RedisTests
-------------------------------------------------------------------------------
Tests run: 8, Failures: 0, Errors: 8, Skipped: 0, Time elapsed: 4.337 s <<< FAILURE! - in com.nowcoder.community.RedisTests
testTransactional(com.nowcoder.community.RedisTests)  Time elapsed: 0 s  <<< ERROR!
java.lang.IllegalStateException: Failed to load ApplicationContext
Caused by: org.springframework.beans.factory.BeanCreationException: Error creating bean with name 'userController': Injection of autowired dependencies failed; nested exception is java.lang.IllegalArgumentException: Could not resolve placeholder 'community.path.upload' in value "${community.path.upload}"
Caused by: java.lang.IllegalArgumentException: Could not resolve placeholder 'community.path.upload' in value "${community.path.upload}"

testLists(com.nowcoder.community.RedisTests)  Time elapsed: 0 s  <<< ERROR!
java.lang.IllegalStateException: Failed to load ApplicationContext
Caused by: org.springframework.beans.factory.BeanCreationException: Error creating bean with name 'userController': Injection of autowired dependencies failed; nested exception is java.lang.IllegalArgumentException: Could not resolve placeholder 'community.path.upload' in value "${community.path.upload}"
Caused by: java.lang.IllegalArgumentException: Could not resolve placeholder 'community.path.upload' in value "${community.path.upload}"

testKeys(com.nowcoder.community.RedisTests)  Time elapsed: 0 s  <<< ERROR!
java.lang.IllegalStateException: Failed to load ApplicationContext
Caused by: org.springframework.beans.factory.BeanCreationException: Error creating bean with name 'userController': Injection of autowired dependencies failed; nested exception is java.lang.IllegalArgumentException: Could not resolve placeholder 'community.path.upload' in value "${community.path.upload}"
Caused by: java.lang.IllegalArgumentException: Could not resolve placeholder 'community.path.upload' in value "${community.path.upload}"

testSets(com.nowcoder.community.RedisTests)  Time elapsed: 0 s  <<< ERROR!
java.lang.IllegalStateException: Failed to load ApplicationContext
Caused by: org.springframework.beans.factory.BeanCreationException: Error creating bean with name 'userController': Injection of autowired dependencies failed; nested exception is java.lang.IllegalArgumentException: Could not resolve placeholder 'community.path.upload' in value "${community.path.upload}"
Caused by: java.lang.IllegalArgumentException: Could not resolve placeholder 'community.path.upload' in value "${community.path.upload}"

testSortedSets(com.nowcoder.community.RedisTests)  Time elapsed: 0 s  <<< ERROR!
java.lang.IllegalStateException: Failed to load ApplicationContext
Caused by: org.springframework.beans.factory.BeanCreationException: Error creating bean with name 'userController': Injection of autowired dependencies failed; nested exception is java.lang.IllegalArgumentException: Could not resolve placeholder 'community.path.upload' in value "${community.path.upload}"
Caused by: java.lang.IllegalArgumentException: Could not resolve placeholder 'community.path.upload' in value "${community.path.upload}"

testBoundOperations(com.nowcoder.community.RedisTests)  Time elapsed: 0 s  <<< ERROR!
java.lang.IllegalStateException: Failed to load ApplicationContext
Caused by: org.springframework.beans.factory.BeanCreationException: Error creating bean with name 'userController': Injection of autowired dependencies failed; nested exception is java.lang.IllegalArgumentException: Could not resolve placeholder 'community.path.upload' in value "${community.path.upload}"
Caused by: java.lang.IllegalArgumentException: Could not resolve placeholder 'community.path.upload' in value "${community.path.upload}"

testHashes(com.nowcoder.community.RedisTests)  Time elapsed: 0 s  <<< ERROR!
java.lang.IllegalStateException: Failed to load ApplicationContext
Caused by: org.springframework.beans.factory.BeanCreationException: Error creating bean with name 'userController': Injection of autowired dependencies failed; nested exception is java.lang.IllegalArgumentException: Could not resolve placeholder 'community.path.upload' in value "${community.path.upload}"
Caused by: java.lang.IllegalArgumentException: Could not resolve placeholder 'community.path.upload' in value "${community.path.upload}"

testStrings(com.nowcoder.community.RedisTests)  Time elapsed: 0 s  <<< ERROR!
java.lang.IllegalStateException: Failed to load ApplicationContext
Caused by: org.springframework.beans.factory.BeanCreationException: Error creating bean with name 'userController': Injection of autowired dependencies failed; nested exception is java.lang.IllegalArgumentException: Could not resolve placeholder 'community.path.upload' in value "${community.path.upload}"
Caused by: java.lang.IllegalArgumentException: Could not resolve placeholder 'community.path.upload' in value "${community.path.upload}"

